Evaluating file n8_dvs.cmd
---> (sde:clear)
#t
---> (define tSub 5)
tSub
---> (define node 8)
node
---> (sdegeo:set-default-boolean ABA)
"ABA"
---> (sdegeo:create-rectangle (position 0 0 0) (position 10 tSub 0) Silicon Subs)
#[body 9 1]
---> (sdegeo:define-contact-set electrode_1 4 (color:rgb 1 0 0) solid)
()
---> (sdegeo:define-2d-contact (find-edge-id (position 5 0 0)) electrode_1)
()
---> (sdegeo:define-contact-set electrode_2 4 (color:rgb 0 1 0) ||)
()
---> (sdegeo:define-2d-contact (find-edge-id (position 5 tSub 0)) electrode_2)
()
---> (sdedr:define-constant-profile Const.Subs PhosphorusActiveConcentration 4.4e+15)
#t
---> (sdedr:define-constant-profile-region PlaceCD.Subs Const.Subs Subs)
#t
---> (sdedr:define-gaussian-profile doping.profile.nplusSi PhosphorusActiveConcentration PeakPos 0 PeakVal 4.4e+17 ValueAtDepth 2e+17 Depth 0.25 Gauss Factor 1)
#t
---> (sdedr:define-refeval-window window.nplusSi Line (position 0 0 0) (position 10 0 0))
#[body 14 1]
---> (sdedr:define-analytical-profile-placement place.nplusSi doping.profile.nplusSi window.nplusSi Positive NoReplace)
#t
---> (sdedr:define-analytical-profile-placement place.nplusSi doping.profile.nplusSi window.nplusSi Positive NoReplace)
#t
---> (sdedr:define-refeval-window refw.ncSi Rectangle (position 0 0 0) (position 10 tSub 0))
#[body 15 1]
---> (sdedr:define-multibox-size refs.ncSi 1 (/ tSub 5) 0 1 (/ tSub 20) 0 1 1.1 0)
#t
---> (sdedr:define-multibox-placement Place.ncSi refs.ncSi refw.ncSi)
#t
---> (sdedr:define-refeval-window refw.nplus Rectangle (position 0 0 0) (position 10 1 0))
#[body 16 1]
---> (sdedr:define-multibox-size refs.nplus 1 (/ tSub 5) 0 1 (/ tSub 100) 0 1 1.2 0)
#t
---> (sdedr:define-multibox-placement Place.nplus refs.nplus refw.nplus)
#t
---> (sde:build-mesh snmesh  (string-append n node _msh))
#t
---> #[end-of-file]
"************************************************************************"
"Sentaurus Structure Editor "
"Start Time:    Mon Oct 30 02:24:34 2017"
"End   Time:    Mon Oct 30 02:24:35 2017"
"Total Execution Time (sec):    1"
"Total System calls Time (sec): 0"
"************************************************************************"
