****************************************************************************
***                      Sentaurus Structure Editor                      ***
***                          Version L-2016.03                           ***
***                         (1.4, x86_64, Linux)                         ***
***                                                                      ***
***               Copyright (C) 1994-2016 Synopsys, Inc.                 ***
***        Portions of this software are owned by Spatial Corp.          ***
***            Copyright (C) 1986-2016. All Rights Reserved.             ***
***                                                                      ***
***  This software and the associated documentation are confidential     ***
***  and proprietary to Synopsys, Inc.  Your use or disclosure of this   ***
***  software is subject to the terms and conditions of a written        ***
***  license agreement between you, or your company, and Synopsys, Inc.  ***
****************************************************************************

Compiled Sat Jan 23 07:14:32 PST 2016 on tcadbld1

Machine type information not available.

version #3 done.
Evaluating file n8_dvs.cmd

---> (sde:clear)

---> (define tSub 5)

---> (define node 8)

---> (sdegeo:set-default-boolean ABA)

---> (sdegeo:create-rectangle (position 0 0 0) (position 10 tSub 0) Silicon Subs)

---> (sdegeo:define-contact-set electrode_1 4 (color:rgb 1 0 0) solid)

---> (sdegeo:define-2d-contact (find-edge-id (position 5 0 0)) electrode_1)

---> (sdegeo:define-contact-set electrode_2 4 (color:rgb 0 1 0) ||)

---> (sdegeo:define-2d-contact (find-edge-id (position 5 tSub 0)) electrode_2)

---> (sdedr:define-constant-profile Const.Subs PhosphorusActiveConcentration 4.4e+15)

---> (sdedr:define-constant-profile-region PlaceCD.Subs Const.Subs Subs)

---> (sdedr:define-gaussian-profile doping.profile.nplusSi PhosphorusActiveConcentration PeakPos 0 PeakVal 4.4e+17 ValueAtDepth 2e+17 Depth 0.25 Gauss Factor 1)

---> (sdedr:define-refeval-window window.nplusSi Line (position 0 0 0) (position 10 0 0))

---> (sdedr:define-analytical-profile-placement place.nplusSi doping.profile.nplusSi window.nplusSi Positive NoReplace)

---> (sdedr:define-analytical-profile-placement place.nplusSi doping.profile.nplusSi window.nplusSi Positive NoReplace)

---> (sdedr:define-refeval-window refw.ncSi Rectangle (position 0 0 0) (position 10 tSub 0))

---> (sdedr:define-multibox-size refs.ncSi 1 (/ tSub 5) 0 1 (/ tSub 20) 0 1 1.1 0)

---> (sdedr:define-multibox-placement Place.ncSi refs.ncSi refw.ncSi)

---> (sdedr:define-refeval-window refw.nplus Rectangle (position 0 0 0) (position 10 1 0))

---> (sdedr:define-multibox-size refs.nplus 1 (/ tSub 5) 0 1 (/ tSub 100) 0 1 1.2 0)

---> (sdedr:define-multibox-placement Place.nplus refs.nplus refw.nplus)

---> (sde:build-mesh snmesh  (string-append n node _msh))

****************************************************************************
***                            Sentaurus Mesh                            ***
***                          Version L-2016.03                           ***
***                         (1.8, x86_64, Linux)                         ***
***                                                                      ***
***                       Copyright (C) 2005-2016                        ***
***                            Synopsys, Inc.                          ***
***                                                                      ***
***  This software and the associated documentation are confidential     ***
***  and proprietary to Synopsys, Inc.  Your use or disclosure of this   ***
***  software is subject to the terms and conditions of a written        ***
***  license agreement between you, or your company, and Synopsys, Inc.  ***
****************************************************************************

Compiled Thu Jan 21 14:33:33 PST 2016 on: tcadbld1
Running on: ug132
Hardware type: x86_64
OS name: Linux
OS release: 4.9.0-3-amd64
OS version: #1 SMP Debian 4.9.30-2+deb9u5 (2017-09-19)
Process ID: 11435

Flags used:

** Generating 2d grid **

Creating binary tree...done.
Imprinting binary tree on the boundary...done.
Optimizing boundary nodes...done.

Number of vertices after binary tree generation : 
  459 (tree) + 84 (boundary)


=================================  brep2d quality  =====================================
minAngle: 90  [near (-0 -0)] at region=Subs
nVerts = 84  nTris = 84  nRegs = 3
bmin: -0 -0
bmax: 10 5
min area: 0.0390625  max area: 0.625  total area  : 30 interface area: 0
total volume: 50
Conformal? true
Are all boundaries on bbox? true
==================================================================================
** Delaunizing the mesh **

Creating delaunizer input...done.
Solving edges...done 
Optimizing elements...done. (463 vertices)
Fixing diagonals...done.

The final mesh has: 
     459 points.
     832 elements.
       3 regions.
Max. connectivity = 6 located at (0.625;0.0390625)


==============================  tri-grid quality  ================================
    0  10  20  30  40  50  60  70  80  90 100 110 120 130 140 150 160 170 180
 %    8  10      14       3  14      10  41                                
---------------------------------------------------------------------------------
minAngle: 3.57633  maxAngle: 90
nVerts = 459  nTris = 832  nMats = 1
max connectivity (tris per node): 6
bmin: -0 -0
bmax: 10 5
min edgeLength: 0.0390625  [near (-0 0.0585938)]
min volume: 0.012207  max volume: 0.195312  Total volume: 50
bbox  volume: 50
Are all boundaries on bbox? true
=================================================================================
Interpolating data...done.
done.
Saving file n8_msh.tdr...done.

===============================  Timer Report===================================
              Total Mesh Generation Time:     0.022s       100%
                       Rate of #Vertices:  2.09e+04
                          Rate of #Edges:  3.97e+04
                          Rate of #Faces:  3.78e+04
                       Rate of #Elements:         0

                            Time Covered:         0s         0%


"Meshing successful"
---> #[end-of-file]

"************************************************************************"
"Sentaurus Structure Editor "
"Start Time:    Mon Oct 30 02:24:34 2017"
"End   Time:    Mon Oct 30 02:24:35 2017"
"Total Execution Time (sec):    1"
"Total System calls Time (sec): 0"
"************************************************************************"
